TN:
SF:/app/src/apdu/parser.c
FN:25,apdu_parser
FNDA:3,apdu_parser
FNF:1
FNH:1
DA:25,3
DA:27,3
DA:28,2
DA:31,1
DA:32,1
DA:33,1
DA:34,1
DA:35,1
DA:36,1
DA:38,1
LF:10
LH:10
end_of_record
TN:
SF:/app/src/common/base58.c
FN:45,base58_decode
FN:107,base58_encode
FNDA:1,base58_encode
FNDA:1,base58_decode
FNF:2
FNH:2
DA:45,1
DA:46,1
DA:47,1
DA:50,1
DA:52,1
DA:53,0
DA:56,1
DA:58,61
DA:59,60
DA:60,0
DA:63,60
DA:65,60
DA:66,0
DA:70,1
DA:71,0
DA:74,1
DA:75,1
DA:76,61
DA:77,60
DA:78,1890
DA:79,1830
DA:80,1830
DA:81,1830
DA:82,1830
DA:85,60
DA:86,60
DA:89,60
DA:92,17
DA:93,16
DA:96,1
DA:98,1
DA:99,0
DA:102,1
DA:104,1
DA:107,1
DA:108,1
DA:111,1
DA:114,1
DA:115,0
DA:118,1
DA:119,0
DA:122,1
DA:123,1
DA:124,45
DA:125,44
DA:126,1362
DA:127,1362
DA:128,1362
DA:129,1362
DA:131,1362
DA:132,44
DA:135,44
DA:138,1
DA:139,2
DA:140,1
DA:143,1
DA:144,0
DA:147,1
DA:149,1
DA:150,61
DA:151,60
DA:154,1
LF:62
LH:54
end_of_record
TN:
SF:/app/src/common/bip32.c
FN:26,bip32_path_read
FN:44,bip32_path_format
FNDA:4,bip32_path_format
FNDA:4,bip32_path_read
FNF:2
FNH:2
DA:26,4
DA:27,4
DA:28,2
DA:31,2
DA:33,13
DA:34,12
DA:35,1
DA:37,11
DA:38,11
DA:41,1
DA:44,4
DA:48,4
DA:49,2
DA:52,2
DA:54,12
DA:57,10
DA:58,10
DA:59,10
DA:60,0
DA:61,0
DA:63,10
DA:65,10
DA:66,6
DA:67,6
DA:68,6
DA:69,0
DA:70,0
DA:72,6
DA:75,10
DA:76,8
DA:77,8
DA:78,8
DA:79,0
DA:80,0
DA:82,8
DA:86,2
LF:36
LH:30
end_of_record
TN:
SF:/app/src/common/buffer.c
FN:36,buffer_init
FN:46,buffer_malloc
FN:63,buffer_can_read
FN:67,buffer_seek_set
FN:77,buffer_seek_cur
FN:88,buffer_seek_end
FN:98,buffer_read_8
FN:112,buffer_read_u8
FN:125,buffer_read_u16
FN:140,buffer_read_u32
FN:155,buffer_read_u64
FN:170,buffer_read_varint
FN:184,buffer_read_bip32_path
FN:197,buffer_copy
FN:207,buffer_move
FN:219,buffer_spc_move
FNDA:5,buffer_read_varint
FNDA:0,buffer_malloc
FNDA:5,buffer_copy
FNDA:0,buffer_read_8
FNDA:15,buffer_can_read
FNDA:0,buffer_read_bip32_path
FNDA:3,buffer_read_u16
FNDA:15,buffer_seek_cur
FNDA:2,buffer_move
FNDA:2,buffer_read_u8
FNDA:0,buffer_spc_move
FNDA:3,buffer_seek_end
FNDA:14,buffer_seek_set
FNDA:3,buffer_read_u32
FNDA:3,buffer_read_u64
FNDA:0,buffer_init
FNF:16
FNH:11
DA:36,0
DA:38,0
DA:40,0
DA:42,0
DA:44,0
DA:46,0
DA:50,0
DA:52,0
DA:53,0
DA:56,0
DA:58,0
DA:63,15
DA:64,15
DA:67,14
DA:68,14
DA:69,1
DA:72,13
DA:74,13
DA:77,15
DA:78,15
DA:79,15
DA:80,1
DA:83,14
DA:85,14
DA:88,3
DA:89,3
DA:90,1
DA:93,2
DA:95,2
DA:98,0
DA:99,0
DA:100,0
DA:102,0
DA:105,0
DA:106,0
DA:108,0
DA:112,2
DA:113,2
DA:114,1
DA:116,1
DA:119,1
DA:120,1
DA:122,1
DA:125,3
DA:126,3
DA:127,1
DA:129,1
DA:132,2
DA:133,1
DA:135,2
DA:137,2
DA:140,3
DA:141,3
DA:142,1
DA:144,1
DA:147,1
DA:148,2
DA:150,2
DA:152,2
DA:155,3
DA:156,3
DA:157,1
DA:159,1
DA:162,1
DA:163,2
DA:165,2
DA:167,2
DA:170,5
DA:171,5
DA:173,5
DA:174,1
DA:176,1
DA:179,4
DA:181,4
DA:184,0
DA:185,0
DA:186,0
DA:189,0
DA:192,0
DA:194,0
DA:197,5
DA:198,5
DA:199,2
DA:202,3
DA:204,3
DA:207,2
DA:208,2
DA:209,1
DA:212,1
DA:214,1
DA:219,0
DA:220,0
DA:221,0
DA:224,0
DA:227,0
DA:229,0
LF:96
LH:66
end_of_record
TN:
SF:/app/src/common/format.c
FN:24,format_i64
FN:63,format_u64
FN:99,format_size64
FN:135,format_fpu64
FN:169,format_hex
FN:197,format_decimals
FNDA:9,format_u64
FNDA:4,format_i64
FNDA:6,format_fpu64
FNDA:0,format_size64
FNDA:0,format_decimals
FNDA:2,format_hex
FNF:6
FNH:4
DA:24,4
DA:25,4
DA:27,4
DA:28,4
DA:29,4
DA:31,4
DA:32,1
DA:35,61
DA:36,57
DA:37,57
DA:40,4
DA:41,1
DA:42,3
DA:43,1
DA:46,4
DA:48,4
DA:49,1
DA:52,3
DA:54,43
DA:55,40
DA:58,3
DA:60,3
DA:63,9
DA:64,9
DA:66,9
DA:67,0
DA:69,9
DA:71,97
DA:72,89
DA:73,89
DA:74,89
DA:75,89
DA:76,1
DA:79,8
DA:80,8
DA:82,8
DA:86,46
DA:88,38
DA:89,38
DA:90,38
DA:92,38
DA:93,38
DA:95,8
DA:99,0
DA:100,0
DA:102,0
DA:103,0
DA:105,0
DA:107,0
DA:108,0
DA:109,0
DA:110,0
DA:111,0
DA:112,0
DA:115,0
DA:116,0
DA:118,0
DA:122,0
DA:124,0
DA:125,0
DA:126,0
DA:128,0
DA:129,0
DA:131,0
DA:135,6
DA:136,6
DA:138,6
DA:139,0
DA:142,6
DA:144,6
DA:145,3
DA:146,1
DA:148,2
DA:149,2
DA:150,7
DA:151,5
DA:153,2
DA:154,2
DA:156,3
DA:157,1
DA:160,2
DA:161,2
DA:162,2
DA:163,2
DA:166,4
DA:169,2
DA:170,2
DA:171,1
DA:174,1
DA:175,1
DA:176,1
DA:178,21
DA:179,20
DA:180,20
DA:181,20
DA:183,20
DA:184,20
DA:185,20
DA:187,20
DA:188,20
DA:191,1
DA:193,1
DA:197,0
DA:203,0
DA:204,0
DA:205,0
DA:208,0
DA:209,0
DA:210,0
DA:212,0
DA:213,0
DA:214,0
DA:216,0
DA:217,0
DA:218,0
DA:219,0
DA:221,0
DA:222,0
DA:223,0
DA:224,0
DA:226,0
DA:227,0
DA:228,0
DA:230,0
DA:232,0
DA:233,0
DA:234,0
DA:235,0
DA:237,0
DA:238,0
DA:240,0
DA:241,0
DA:243,0
DA:244,0
DA:245,0
DA:247,0
DA:249,0
DA:250,0
DA:251,0
DA:252,0
DA:255,0
DA:258,0
DA:259,0
DA:260,0
DA:261,0
DA:264,0
LF:146
LH:79
end_of_record
TN:
SF:/app/src/common/read.c
FN:20,read_u16_be
FN:25,read_u32_be
FN:32,read_u64_be
FN:43,read_u16_le
FN:48,read_u32_le
FN:55,read_u64_le
FNDA:2,read_u16_le
FNDA:1,read_u16_be
FNDA:12,read_u32_be
FNDA:2,read_u32_le
FNDA:2,read_u64_le
FNDA:1,read_u64_be
FNF:6
FNH:6
DA:20,1
DA:21,2
DA:22,1
DA:25,12
DA:26,12
DA:27,12
DA:28,24
DA:29,12
DA:32,1
DA:33,1
DA:34,1
DA:35,1
DA:36,1
DA:37,1
DA:38,1
DA:39,2
DA:40,1
DA:43,2
DA:44,4
DA:45,2
DA:48,2
DA:49,2
DA:50,2
DA:51,4
DA:52,2
DA:55,2
DA:56,2
DA:57,2
DA:58,2
DA:59,2
DA:60,2
DA:61,2
DA:62,4
DA:63,2
LF:34
LH:34
end_of_record
TN:
SF:/app/src/common/varint.c
FN:25,varint_size
FN:41,varint_read
FN:77,varint_write
FNDA:0,varint_write
FNDA:0,varint_size
FNDA:5,varint_read
FNF:3
FNH:1
DA:25,0
DA:26,0
DA:27,0
DA:30,0
DA:31,0
DA:34,0
DA:35,0
DA:38,0
DA:41,5
DA:42,5
DA:43,1
DA:46,4
DA:48,4
DA:49,1
DA:50,0
DA:52,1
DA:53,1
DA:56,3
DA:57,1
DA:58,0
DA:60,1
DA:61,1
DA:64,2
DA:65,1
DA:66,0
DA:68,1
DA:69,1
DA:72,1
DA:74,1
DA:77,0
DA:78,0
DA:80,0
DA:81,0
DA:82,0
DA:83,0
DA:84,0
DA:85,0
DA:86,0
DA:87,0
DA:88,0
DA:89,0
DA:90,0
DA:91,0
DA:92,0
DA:93,0
DA:94,0
DA:95,0
DA:96,0
DA:97,0
DA:100,0
LF:50
LH:18
end_of_record
TN:
SF:/app/src/common/write.c
FN:20,write_u16_be
FN:25,write_u32_be
FN:32,write_u64_be
FN:43,write_u16_le
FN:48,write_u32_le
FN:55,write_u64_le
FNDA:1,write_u64_be
FNDA:1,write_u32_be
FNDA:1,write_u32_le
FNDA:1,write_u64_le
FNDA:1,write_u16_be
FNDA:1,write_u16_le
FNF:6
FNH:6
DA:20,1
DA:21,1
DA:22,1
DA:23,1
DA:25,1
DA:26,1
DA:27,1
DA:28,1
DA:29,1
DA:30,1
DA:32,1
DA:33,1
DA:34,1
DA:35,1
DA:36,1
DA:37,1
DA:38,1
DA:39,1
DA:40,1
DA:41,1
DA:43,1
DA:44,1
DA:45,1
DA:46,1
DA:48,1
DA:49,1
DA:50,1
DA:51,1
DA:52,1
DA:53,1
DA:55,1
DA:56,1
DA:57,1
DA:58,1
DA:59,1
DA:60,1
DA:61,1
DA:62,1
DA:63,1
DA:64,1
LF:40
LH:40
end_of_record
